This file contains any messages produced by compilers while
running configure, to aid debugging if configure makes a mistake.

It was created by configure, which was
generated by GNU Autoconf 2.63.  Invocation command line was

  $ ./configure --target=arm-none-eabi --with-libbfd=c:/Users/Olivier/Downloads/binutils-2.21.tar/binutils-2.21/bfd/libbfd.a --with-libiberty=c:/Users/Olivier/Downloads/binutils-2.21.tar/binutils-2.21/libiberty/libiberty.a --with-bfd-include-dir=c:/Users/Olivier/Downloads/binutils-2.21.tar/binutils-2.21/bfd --with-binutils-include-dir=c:/Users/Olivier/Downloads/binutils-2.21.tar/binutils-2.21/include --prefix=C:/Users/Olivier/Documents/Developpement/TI/Nspire/nsptools/Ndless/trunk/Ndless-SDK/yagarto --enable-always-reloc-text

## --------- ##
## Platform. ##
## --------- ##

hostname = bibi
uname -m = i686
uname -r = 1.0.17(0.48/3/2)
uname -s = MINGW32_NT-6.1
uname -v = 2011-04-24 23:39

/usr/bin/uname -p = unknown
/bin/uname -X     = unknown

/bin/arch              = unknown
/usr/bin/arch -k       = unknown
/usr/convex/getsysinfo = unknown
/usr/bin/hostinfo      = unknown
/bin/machine           = unknown
/usr/bin/oslevel       = unknown
/bin/universe          = unknown

PATH: .
PATH: /usr/local/bin
PATH: /mingw/bin
PATH: /bin
PATH: /c/Program Files/Common Files/Microsoft Shared/Windows Live
PATH: /c/Program Files (x86)/Common Files/Microsoft Shared/Windows Live
PATH: /c/Program Files (x86)/NVIDIA Corporation/PhysX/Common
PATH: /c/Windows/system32
PATH: /c/Windows
PATH: /c/Windows/System32/Wbem
PATH: /c/Windows/System32/WindowsPowerShell/v1.0/
PATH: /c/Program Files (x86)/Windows Live/Shared
PATH: /c/Program Files (x86)/Lua/5.1
PATH: /c/Program Files (x86)/Lua/5.1/clibs
PATH: /c/Program Files/Microsoft Windows Performance Toolkit/
PATH: /c/Program Files/MySQL/MySQL Server 5.5/bin
PATH: /c/Program Files (x86)/Heroku
PATH: /c/Program Files (x86)/git/bin
PATH: /c/Program Files (x86)/git/cmd
PATH: /c/Program Files/TortoiseSVN/bin
PATH: /c/Program Files/SlikSvn/bin
PATH: /c/Program Files (x86)/Groovy/Groovy-2.0.5/bin
PATH: /c/Program Files/SlikSvn/bin
PATH: /c/Program Files (x86)/GnuWin32/bin
PATH: /c/Ruby192/bin
PATH: /mingw/bin
PATH: /c/Program Files (x86)/lua/5.1
PATH: /c/Program Files (x86)/IDM Computer Solutions/UltraEdit/
PATH: /c/lua2tns
PATH: /c/cygwin/bin
PATH: /c/msys/1.0/bin
PATH: /c/Program Files (x86)/Lynx
PATH: /c/LuaRocks/2.0
PATH: /c/Program Files (x86)/GnuWin32/bin
PATH: /c/Program Files (x86)/Microsoft Visual Studio 10.0/VC/bin/amd64
PATH: /c/Program Files (x86)/Git/bin
PATH: /c/Users/Olivier/Documents/Developpement/TI/Nspire/nsptools/luna/trunk
PATH: /c/GRAILS/bin
PATH: /c/Program Files/Java/jdk1.7.0/bin
PATH: /c/moonscript-0.2.0-dev-2
PATH: /c/play-2.0.3
PATH: /c/android-ndk-r6b
PATH: /c/Program Files (x86)/IDA
PATH: /c/tangrs-ndless-standalone-relocator/host
PATH: /c/Program Files (x86)/Groovy/Groovy-2.0.5/bin
PATH: /c/Python27


## ----------- ##
## Core tests. ##
## ----------- ##

configure:2005: checking build system type
configure:2023: result: i686-pc-mingw32
configure:2045: checking host system type
configure:2060: result: i686-pc-mingw32
configure:2082: checking target system type
configure:2097: result: arm-none-eabi
configure:2174: checking for gcc
configure:2190: found /mingw/bin/gcc
configure:2201: result: gcc
configure:2433: checking for C compiler version
configure:2441: gcc --version >&5
gcc.exe (GCC) 4.6.2
Copyright (C) 2011 Free Software Foundation, Inc.
This is free software; see the source for copying conditions.  There is NO
warranty; not even for MERCHANTABILITY or FITNESS FOR A PARTICULAR PURPOSE.

configure:2445: $? = 0
configure:2452: gcc -v >&5
Using built-in specs.
COLLECT_GCC=C:\MinGW\bin\gcc.exe
COLLECT_LTO_WRAPPER=c:/mingw/bin/../libexec/gcc/mingw32/4.6.2/lto-wrapper.exe
Target: mingw32
Configured with: ../gcc-4.6.2/configure --enable-languages=c,c++,ada,fortran,objc,obj-c++ --disable-sjlj-exceptions --with-dwarf2 --enable-shared --enable-libgomp --disable-win32-registry --enable-libstdcxx-debug --enable-version-specific-runtime-libs --build=mingw32 --prefix=/mingw
Thread model: win32
gcc version 4.6.2 (GCC) 
configure:2456: $? = 0
configure:2463: gcc -V >&5
gcc.exe: error: unrecognized option '-V'
gcc.exe: fatal error: no input files
compilation terminated.
configure:2467: $? = 1
configure:2490: checking for C compiler default output file name
configure:2512: gcc    conftest.c -lws2_32 -lz >&5
configure:2516: $? = 0
configure:2554: result: a.exe
configure:2573: checking whether the C compiler works
configure:2583: ./a.exe
configure:2587: $? = 0
configure:2606: result: yes
configure:2613: checking whether we are cross compiling
configure:2615: result: no
configure:2618: checking for suffix of executables
configure:2625: gcc -o conftest.exe    conftest.c -lws2_32 -lz >&5
configure:2629: $? = 0
configure:2655: result: .exe
configure:2661: checking for suffix of object files
configure:2687: gcc -c   conftest.c >&5
configure:2691: $? = 0
configure:2716: result: o
configure:2720: checking whether we are using the GNU C compiler
configure:2749: gcc -c   conftest.c >&5
configure:2756: $? = 0
configure:2773: result: yes
configure:2782: checking whether gcc accepts -g
configure:2812: gcc -c -g  conftest.c >&5
configure:2819: $? = 0
configure:2920: result: yes
configure:2937: checking for gcc option to accept ISO C89
configure:3011: gcc  -c -g -O2  conftest.c >&5
configure:3018: $? = 0
configure:3041: result: none needed
configure:3065: checking how to run the C preprocessor
configure:3105: gcc -E  conftest.c
configure:3112: $? = 0
configure:3143: gcc -E  conftest.c
conftest.c:8:28: fatal error: ac_nonexistent.h: No such file or directory
compilation terminated.
configure:3150: $? = 1
configure: failed program was:
| /* confdefs.h.  */
| #define PACKAGE_NAME ""
| #define PACKAGE_TARNAME ""
| #define PACKAGE_VERSION ""
| #define PACKAGE_STRING ""
| #define PACKAGE_BUGREPORT ""
| /* end confdefs.h.  */
| #include <ac_nonexistent.h>
configure:3183: result: gcc -E
configure:3212: gcc -E  conftest.c
configure:3219: $? = 0
configure:3250: gcc -E  conftest.c
conftest.c:8:28: fatal error: ac_nonexistent.h: No such file or directory
compilation terminated.
configure:3257: $? = 1
configure: failed program was:
| /* confdefs.h.  */
| #define PACKAGE_NAME ""
| #define PACKAGE_TARNAME ""
| #define PACKAGE_VERSION ""
| #define PACKAGE_STRING ""
| #define PACKAGE_BUGREPORT ""
| /* end confdefs.h.  */
| #include <ac_nonexistent.h>
configure:3297: checking for grep that handles long lines and -e
configure:3357: result: /bin/grep
configure:3362: checking for egrep
configure:3426: result: /bin/grep -E
configure:3431: checking for ANSI C header files
configure:3461: gcc -c -g -O2  conftest.c >&5
configure:3468: $? = 0
configure:3567: gcc -o conftest.exe -g -O2   conftest.c -lws2_32 -lz >&5
configure:3571: $? = 0
configure:3577: ./conftest.exe
configure:3581: $? = 0
configure:3599: result: yes
configure:3623: checking for sys/types.h
configure:3644: gcc -c -g -O2  conftest.c >&5
configure:3651: $? = 0
configure:3668: result: yes
configure:3623: checking for sys/stat.h
configure:3644: gcc -c -g -O2  conftest.c >&5
configure:3651: $? = 0
configure:3668: result: yes
configure:3623: checking for stdlib.h
configure:3644: gcc -c -g -O2  conftest.c >&5
configure:3651: $? = 0
configure:3668: result: yes
configure:3623: checking for string.h
configure:3644: gcc -c -g -O2  conftest.c >&5
configure:3651: $? = 0
configure:3668: result: yes
configure:3623: checking for memory.h
configure:3644: gcc -c -g -O2  conftest.c >&5
configure:3651: $? = 0
configure:3668: result: yes
configure:3623: checking for strings.h
configure:3644: gcc -c -g -O2  conftest.c >&5
configure:3651: $? = 0
configure:3668: result: yes
configure:3623: checking for inttypes.h
configure:3644: gcc -c -g -O2  conftest.c >&5
configure:3651: $? = 0
configure:3668: result: yes
configure:3623: checking for stdint.h
configure:3644: gcc -c -g -O2  conftest.c >&5
configure:3651: $? = 0
configure:3668: result: yes
configure:3623: checking for unistd.h
configure:3644: gcc -c -g -O2  conftest.c >&5
configure:3651: $? = 0
configure:3668: result: yes
configure:3693: checking minix/config.h usability
configure:3710: gcc -c -g -O2  conftest.c >&5
conftest.c:51:26: fatal error: minix/config.h: No such file or directory
compilation terminated.
configure:3717: $? = 1
configure: failed program was:
| /* confdefs.h.  */
| #define PACKAGE_NAME ""
| #define PACKAGE_TARNAME ""
| #define PACKAGE_VERSION ""
| #define PACKAGE_STRING ""
| #define PACKAGE_BUGREPORT ""
| #define STDC_HEADERS 1
| #define HAVE_SYS_TYPES_H 1
| #define HAVE_SYS_STAT_H 1
| #define HAVE_STDLIB_H 1
| #define HAVE_STRING_H 1
| #define HAVE_MEMORY_H 1
| #define HAVE_STRINGS_H 1
| #define HAVE_INTTYPES_H 1
| #define HAVE_STDINT_H 1
| #define HAVE_UNISTD_H 1
| /* end confdefs.h.  */
| #include <stdio.h>
| #ifdef HAVE_SYS_TYPES_H
| # include <sys/types.h>
| #endif
| #ifdef HAVE_SYS_STAT_H
| # include <sys/stat.h>
| #endif
| #ifdef STDC_HEADERS
| # include <stdlib.h>
| # include <stddef.h>
| #else
| # ifdef HAVE_STDLIB_H
| #  include <stdlib.h>
| # endif
| #endif
| #ifdef HAVE_STRING_H
| # if !defined STDC_HEADERS && defined HAVE_MEMORY_H
| #  include <memory.h>
| # endif
| # include <string.h>
| #endif
| #ifdef HAVE_STRINGS_H
| # include <strings.h>
| #endif
| #ifdef HAVE_INTTYPES_H
| # include <inttypes.h>
| #endif
| #ifdef HAVE_STDINT_H
| # include <stdint.h>
| #endif
| #ifdef HAVE_UNISTD_H
| # include <unistd.h>
| #endif
| #include <minix/config.h>
configure:3731: result: no
configure:3735: checking minix/config.h presence
configure:3750: gcc -E  conftest.c
conftest.c:18:26: fatal error: minix/config.h: No such file or directory
compilation terminated.
configure:3757: $? = 1
configure: failed program was:
| /* confdefs.h.  */
| #define PACKAGE_NAME ""
| #define PACKAGE_TARNAME ""
| #define PACKAGE_VERSION ""
| #define PACKAGE_STRING ""
| #define PACKAGE_BUGREPORT ""
| #define STDC_HEADERS 1
| #define HAVE_SYS_TYPES_H 1
| #define HAVE_SYS_STAT_H 1
| #define HAVE_STDLIB_H 1
| #define HAVE_STRING_H 1
| #define HAVE_MEMORY_H 1
| #define HAVE_STRINGS_H 1
| #define HAVE_INTTYPES_H 1
| #define HAVE_STDINT_H 1
| #define HAVE_UNISTD_H 1
| /* end confdefs.h.  */
| #include <minix/config.h>
configure:3771: result: no
configure:3799: checking for minix/config.h
configure:3806: result: no
configure:3837: checking whether it is safe to define __EXTENSIONS__
configure:3865: gcc -c -g -O2  conftest.c >&5
configure:3872: $? = 0
configure:3887: result: yes
configure:3925: checking for a BSD-compatible install
configure:3993: result: /bin/install -c
configure:4174: checking for deflate in -lz
configure:4209: gcc -o conftest.exe -g -O2   conftest.c -lz  c:/Users/Olivier/Downloads/binutils-2.21.tar/binutils-2.21/bfd/libbfd.a c:/Users/Olivier/Downloads/binutils-2.21.tar/binutils-2.21/libiberty/libiberty.a -lws2_32 -lz >&5
configure:4216: $? = 0
configure:4237: result: yes
configure:4328: checking for malloc in -lc
configure:4363: gcc -o conftest.exe -g -O2   conftest.c -lc  -lz c:/Users/Olivier/Downloads/binutils-2.21.tar/binutils-2.21/bfd/libbfd.a c:/Users/Olivier/Downloads/binutils-2.21.tar/binutils-2.21/libiberty/libiberty.a -lws2_32 -lz >&5
conftest.c:31:6: warning: conflicting types for built-in function 'malloc' [enabled by default]
c:/mingw/bin/../lib/gcc/mingw32/4.6.2/../../../../mingw32/bin/ld.exe: cannot find -lc
collect2: ld returned 1 exit status
configure:4370: $? = 1
configure: failed program was:
| /* confdefs.h.  */
| #define PACKAGE_NAME ""
| #define PACKAGE_TARNAME ""
| #define PACKAGE_VERSION ""
| #define PACKAGE_STRING ""
| #define PACKAGE_BUGREPORT ""
| #define STDC_HEADERS 1
| #define HAVE_SYS_TYPES_H 1
| #define HAVE_SYS_STAT_H 1
| #define HAVE_STDLIB_H 1
| #define HAVE_STRING_H 1
| #define HAVE_MEMORY_H 1
| #define HAVE_STRINGS_H 1
| #define HAVE_INTTYPES_H 1
| #define HAVE_STDINT_H 1
| #define HAVE_UNISTD_H 1
| #define __EXTENSIONS__ 1
| #define _ALL_SOURCE 1
| #define _GNU_SOURCE 1
| #define _POSIX_PTHREAD_SEMANTICS 1
| #define _TANDEM_SOURCE 1
| #define HAVE_LIBZ 1
| /* end confdefs.h.  */
| 
| /* Override any GCC internal prototype to avoid an error.
|    Use char because int might match the return type of a GCC
|    builtin and then its argument prototype would still apply.  */
| #ifdef __cplusplus
| extern "C"
| #endif
| char malloc ();
| int
| main ()
| {
| return malloc ();
|   ;
|   return 0;
| }
configure:4391: result: no
configure:4398: checking for ANSI C header files
configure:4566: result: yes
configure:4594: checking fcntl.h usability
configure:4611: gcc -c -g -O2  conftest.c >&5
configure:4618: $? = 0
configure:4632: result: yes
configure:4636: checking fcntl.h presence
configure:4651: gcc -E  conftest.c
configure:4658: $? = 0
configure:4672: result: yes
configure:4700: checking for fcntl.h
configure:4709: result: yes
configure:4583: checking for unistd.h
configure:4590: result: yes
configure:4594: checking bfd.h usability
configure:4611: gcc -c -g -O2  conftest.c >&5
configure:4618: $? = 0
configure:4632: result: yes
configure:4636: checking bfd.h presence
configure:4651: gcc -E  conftest.c
configure:4658: $? = 0
configure:4672: result: yes
configure:4700: checking for bfd.h
configure:4709: result: yes
configure:4725: checking for an ANSI C-conforming const
configure:4800: gcc -c -g -O2  conftest.c >&5
configure:4807: $? = 0
configure:4822: result: yes
configure:4837: checking for vprintf
configure:4893: gcc -o conftest.exe -g -O2   conftest.c -lz c:/Users/Olivier/Downloads/binutils-2.21.tar/binutils-2.21/bfd/libbfd.a c:/Users/Olivier/Downloads/binutils-2.21.tar/binutils-2.21/libiberty/libiberty.a -lws2_32 -lz >&5
conftest.c:51:6: warning: conflicting types for built-in function 'vprintf' [enabled by default]
configure:4900: $? = 0
configure:4922: result: yes
configure:4931: checking for _doprnt
configure:4987: gcc -o conftest.exe -g -O2   conftest.c -lz c:/Users/Olivier/Downloads/binutils-2.21.tar/binutils-2.21/bfd/libbfd.a c:/Users/Olivier/Downloads/binutils-2.21.tar/binutils-2.21/libiberty/libiberty.a -lws2_32 -lz >&5
C:\Users\Olivier\AppData\Local\Temp\cckWBb6f.o: In function `main':
c:\Users\Olivier\Desktop\trash\elf2flt\elf2flt/conftest.c:63: undefined reference to `_doprnt'
collect2: ld returned 1 exit status
configure:4994: $? = 1
configure: failed program was:
| /* confdefs.h.  */
| #define PACKAGE_NAME ""
| #define PACKAGE_TARNAME ""
| #define PACKAGE_VERSION ""
| #define PACKAGE_STRING ""
| #define PACKAGE_BUGREPORT ""
| #define STDC_HEADERS 1
| #define HAVE_SYS_TYPES_H 1
| #define HAVE_SYS_STAT_H 1
| #define HAVE_STDLIB_H 1
| #define HAVE_STRING_H 1
| #define HAVE_MEMORY_H 1
| #define HAVE_STRINGS_H 1
| #define HAVE_INTTYPES_H 1
| #define HAVE_STDINT_H 1
| #define HAVE_UNISTD_H 1
| #define __EXTENSIONS__ 1
| #define _ALL_SOURCE 1
| #define _GNU_SOURCE 1
| #define _POSIX_PTHREAD_SEMANTICS 1
| #define _TANDEM_SOURCE 1
| #define HAVE_LIBZ 1
| #define STDC_HEADERS 1
| #define HAVE_FCNTL_H 1
| #define HAVE_UNISTD_H 1
| #define HAVE_BFD_H 1
| #define HAVE_VPRINTF 1
| /* end confdefs.h.  */
| /* Define _doprnt to an innocuous variant, in case <limits.h> declares _doprnt.
|    For example, HP-UX 11i <limits.h> declares gettimeofday.  */
| #define _doprnt innocuous__doprnt
| 
| /* System header to define __stub macros and hopefully few prototypes,
|     which can conflict with char _doprnt (); below.
|     Prefer <limits.h> to <assert.h> if __STDC__ is defined, since
|     <limits.h> exists even on freestanding compilers.  */
| 
| #ifdef __STDC__
| # include <limits.h>
| #else
| # include <assert.h>
| #endif
| 
| #undef _doprnt
| 
| /* Override any GCC internal prototype to avoid an error.
|    Use char because int might match the return type of a GCC
|    builtin and then its argument prototype would still apply.  */
| #ifdef __cplusplus
| extern "C"
| #endif
| char _doprnt ();
| /* The GNU C library defines this for functions which it implements
|     to always fail with ENOSYS.  Some functions are actually named
|     something starting with __ and the normal name is an alias.  */
| #if defined __stub__doprnt || defined __stub____doprnt
| choke me
| #endif
| 
| int
| main ()
| {
| return _doprnt ();
|   ;
|   return 0;
| }
configure:5014: result: no
configure:5041: checking for dcgettext
configure:5097: gcc -o conftest.exe -g -O2   conftest.c -lz c:/Users/Olivier/Downloads/binutils-2.21.tar/binutils-2.21/bfd/libbfd.a c:/Users/Olivier/Downloads/binutils-2.21.tar/binutils-2.21/libiberty/libiberty.a -lws2_32 -lz >&5
conftest.c:52:6: warning: conflicting types for built-in function 'dcgettext' [enabled by default]
C:\Users\Olivier\AppData\Local\Temp\ccyN9Lqd.o: In function `main':
c:\Users\Olivier\Desktop\trash\elf2flt\elf2flt/conftest.c:63: undefined reference to `dcgettext'
collect2: ld returned 1 exit status
configure:5104: $? = 1
configure: failed program was:
| /* confdefs.h.  */
| #define PACKAGE_NAME ""
| #define PACKAGE_TARNAME ""
| #define PACKAGE_VERSION ""
| #define PACKAGE_STRING ""
| #define PACKAGE_BUGREPORT ""
| #define STDC_HEADERS 1
| #define HAVE_SYS_TYPES_H 1
| #define HAVE_SYS_STAT_H 1
| #define HAVE_STDLIB_H 1
| #define HAVE_STRING_H 1
| #define HAVE_MEMORY_H 1
| #define HAVE_STRINGS_H 1
| #define HAVE_INTTYPES_H 1
| #define HAVE_STDINT_H 1
| #define HAVE_UNISTD_H 1
| #define __EXTENSIONS__ 1
| #define _ALL_SOURCE 1
| #define _GNU_SOURCE 1
| #define _POSIX_PTHREAD_SEMANTICS 1
| #define _TANDEM_SOURCE 1
| #define HAVE_LIBZ 1
| #define STDC_HEADERS 1
| #define HAVE_FCNTL_H 1
| #define HAVE_UNISTD_H 1
| #define HAVE_BFD_H 1
| #define HAVE_VPRINTF 1
| /* end confdefs.h.  */
| /* Define dcgettext to an innocuous variant, in case <limits.h> declares dcgettext.
|    For example, HP-UX 11i <limits.h> declares gettimeofday.  */
| #define dcgettext innocuous_dcgettext
| 
| /* System header to define __stub macros and hopefully few prototypes,
|     which can conflict with char dcgettext (); below.
|     Prefer <limits.h> to <assert.h> if __STDC__ is defined, since
|     <limits.h> exists even on freestanding compilers.  */
| 
| #ifdef __STDC__
| # include <limits.h>
| #else
| # include <assert.h>
| #endif
| 
| #undef dcgettext
| 
| /* Override any GCC internal prototype to avoid an error.
|    Use char because int might match the return type of a GCC
|    builtin and then its argument prototype would still apply.  */
| #ifdef __cplusplus
| extern "C"
| #endif
| char dcgettext ();
| /* The GNU C library defines this for functions which it implements
|     to always fail with ENOSYS.  Some functions are actually named
|     something starting with __ and the normal name is an alias.  */
| #if defined __stub_dcgettext || defined __stub___dcgettext
| choke me
| #endif
| 
| int
| main ()
| {
| return dcgettext ();
|   ;
|   return 0;
| }
configure:5126: result: no
configure:5041: checking for getline
configure:5097: gcc -o conftest.exe -g -O2   conftest.c -lz c:/Users/Olivier/Downloads/binutils-2.21.tar/binutils-2.21/bfd/libbfd.a c:/Users/Olivier/Downloads/binutils-2.21.tar/binutils-2.21/libiberty/libiberty.a -lws2_32 -lz >&5
C:\Users\Olivier\AppData\Local\Temp\cc0F2HF2.o: In function `main':
c:\Users\Olivier\Desktop\trash\elf2flt\elf2flt/conftest.c:63: undefined reference to `getline'
collect2: ld returned 1 exit status
configure:5104: $? = 1
configure: failed program was:
| /* confdefs.h.  */
| #define PACKAGE_NAME ""
| #define PACKAGE_TARNAME ""
| #define PACKAGE_VERSION ""
| #define PACKAGE_STRING ""
| #define PACKAGE_BUGREPORT ""
| #define STDC_HEADERS 1
| #define HAVE_SYS_TYPES_H 1
| #define HAVE_SYS_STAT_H 1
| #define HAVE_STDLIB_H 1
| #define HAVE_STRING_H 1
| #define HAVE_MEMORY_H 1
| #define HAVE_STRINGS_H 1
| #define HAVE_INTTYPES_H 1
| #define HAVE_STDINT_H 1
| #define HAVE_UNISTD_H 1
| #define __EXTENSIONS__ 1
| #define _ALL_SOURCE 1
| #define _GNU_SOURCE 1
| #define _POSIX_PTHREAD_SEMANTICS 1
| #define _TANDEM_SOURCE 1
| #define HAVE_LIBZ 1
| #define STDC_HEADERS 1
| #define HAVE_FCNTL_H 1
| #define HAVE_UNISTD_H 1
| #define HAVE_BFD_H 1
| #define HAVE_VPRINTF 1
| /* end confdefs.h.  */
| /* Define getline to an innocuous variant, in case <limits.h> declares getline.
|    For example, HP-UX 11i <limits.h> declares gettimeofday.  */
| #define getline innocuous_getline
| 
| /* System header to define __stub macros and hopefully few prototypes,
|     which can conflict with char getline (); below.
|     Prefer <limits.h> to <assert.h> if __STDC__ is defined, since
|     <limits.h> exists even on freestanding compilers.  */
| 
| #ifdef __STDC__
| # include <limits.h>
| #else
| # include <assert.h>
| #endif
| 
| #undef getline
| 
| /* Override any GCC internal prototype to avoid an error.
|    Use char because int might match the return type of a GCC
|    builtin and then its argument prototype would still apply.  */
| #ifdef __cplusplus
| extern "C"
| #endif
| char getline ();
| /* The GNU C library defines this for functions which it implements
|     to always fail with ENOSYS.  Some functions are actually named
|     something starting with __ and the normal name is an alias.  */
| #if defined __stub_getline || defined __stub___getline
| choke me
| #endif
| 
| int
| main ()
| {
| return getline ();
|   ;
|   return 0;
| }
configure:5126: result: no
configure:5041: checking for libintl_dgettext
configure:5097: gcc -o conftest.exe -g -O2   conftest.c -lz c:/Users/Olivier/Downloads/binutils-2.21.tar/binutils-2.21/bfd/libbfd.a c:/Users/Olivier/Downloads/binutils-2.21.tar/binutils-2.21/libiberty/libiberty.a -lws2_32 -lz >&5
C:\Users\Olivier\AppData\Local\Temp\ccSuJh8A.o: In function `main':
c:\Users\Olivier\Desktop\trash\elf2flt\elf2flt/conftest.c:63: undefined reference to `libintl_dgettext'
collect2: ld returned 1 exit status
configure:5104: $? = 1
configure: failed program was:
| /* confdefs.h.  */
| #define PACKAGE_NAME ""
| #define PACKAGE_TARNAME ""
| #define PACKAGE_VERSION ""
| #define PACKAGE_STRING ""
| #define PACKAGE_BUGREPORT ""
| #define STDC_HEADERS 1
| #define HAVE_SYS_TYPES_H 1
| #define HAVE_SYS_STAT_H 1
| #define HAVE_STDLIB_H 1
| #define HAVE_STRING_H 1
| #define HAVE_MEMORY_H 1
| #define HAVE_STRINGS_H 1
| #define HAVE_INTTYPES_H 1
| #define HAVE_STDINT_H 1
| #define HAVE_UNISTD_H 1
| #define __EXTENSIONS__ 1
| #define _ALL_SOURCE 1
| #define _GNU_SOURCE 1
| #define _POSIX_PTHREAD_SEMANTICS 1
| #define _TANDEM_SOURCE 1
| #define HAVE_LIBZ 1
| #define STDC_HEADERS 1
| #define HAVE_FCNTL_H 1
| #define HAVE_UNISTD_H 1
| #define HAVE_BFD_H 1
| #define HAVE_VPRINTF 1
| /* end confdefs.h.  */
| /* Define libintl_dgettext to an innocuous variant, in case <limits.h> declares libintl_dgettext.
|    For example, HP-UX 11i <limits.h> declares gettimeofday.  */
| #define libintl_dgettext innocuous_libintl_dgettext
| 
| /* System header to define __stub macros and hopefully few prototypes,
|     which can conflict with char libintl_dgettext (); below.
|     Prefer <limits.h> to <assert.h> if __STDC__ is defined, since
|     <limits.h> exists even on freestanding compilers.  */
| 
| #ifdef __STDC__
| # include <limits.h>
| #else
| # include <assert.h>
| #endif
| 
| #undef libintl_dgettext
| 
| /* Override any GCC internal prototype to avoid an error.
|    Use char because int might match the return type of a GCC
|    builtin and then its argument prototype would still apply.  */
| #ifdef __cplusplus
| extern "C"
| #endif
| char libintl_dgettext ();
| /* The GNU C library defines this for functions which it implements
|     to always fail with ENOSYS.  Some functions are actually named
|     something starting with __ and the normal name is an alias.  */
| #if defined __stub_libintl_dgettext || defined __stub___libintl_dgettext
| choke me
| #endif
| 
| int
| main ()
| {
| return libintl_dgettext ();
|   ;
|   return 0;
| }
configure:5126: result: no
configure:5041: checking for strsignal
configure:5097: gcc -o conftest.exe -g -O2   conftest.c -lz c:/Users/Olivier/Downloads/binutils-2.21.tar/binutils-2.21/bfd/libbfd.a c:/Users/Olivier/Downloads/binutils-2.21.tar/binutils-2.21/libiberty/libiberty.a -lws2_32 -lz >&5
configure:5104: $? = 0
configure:5126: result: yes
configure:5297: creating ./config.status

## ---------------------- ##
## Running config.status. ##
## ---------------------- ##

This file was extended by config.status, which was
generated by GNU Autoconf 2.63.  Invocation command line was

  CONFIG_FILES    = 
  CONFIG_HEADERS  = 
  CONFIG_LINKS    = 
  CONFIG_COMMANDS = 
  $ ./config.status 

on bibi

config.status:675: creating ld-elf2flt.sh
config.status:675: creating Makefile
config.status:675: creating elf2flt.ld

## ---------------- ##
## Cache variables. ##
## ---------------- ##

ac_cv_build=i686-pc-mingw32
ac_cv_c_compiler_gnu=yes
ac_cv_c_const=yes
ac_cv_env_CC_set=
ac_cv_env_CC_value=
ac_cv_env_CFLAGS_set=
ac_cv_env_CFLAGS_value=
ac_cv_env_CPPFLAGS_set=
ac_cv_env_CPPFLAGS_value=
ac_cv_env_CPP_set=
ac_cv_env_CPP_value=
ac_cv_env_LDFLAGS_set=
ac_cv_env_LDFLAGS_value=
ac_cv_env_LIBS_set=set
ac_cv_env_LIBS_value='-lws2_32 -lz'
ac_cv_env_build_alias_set=
ac_cv_env_build_alias_value=
ac_cv_env_host_alias_set=
ac_cv_env_host_alias_value=
ac_cv_env_target_alias_set=set
ac_cv_env_target_alias_value=arm-none-eabi
ac_cv_exeext=.exe
ac_cv_func__doprnt=no
ac_cv_func_dcgettext=no
ac_cv_func_getline=no
ac_cv_func_libintl_dgettext=no
ac_cv_func_strsignal=yes
ac_cv_func_vprintf=yes
ac_cv_header_bfd_h=yes
ac_cv_header_fcntl_h=yes
ac_cv_header_inttypes_h=yes
ac_cv_header_memory_h=yes
ac_cv_header_minix_config_h=no
ac_cv_header_stdc=yes
ac_cv_header_stdint_h=yes
ac_cv_header_stdlib_h=yes
ac_cv_header_string_h=yes
ac_cv_header_strings_h=yes
ac_cv_header_sys_stat_h=yes
ac_cv_header_sys_types_h=yes
ac_cv_header_unistd_h=yes
ac_cv_host=i686-pc-mingw32
ac_cv_lib_c_malloc=no
ac_cv_lib_z_deflate=yes
ac_cv_objext=o
ac_cv_path_EGREP='/bin/grep -E'
ac_cv_path_GREP=/bin/grep
ac_cv_path_install='/bin/install -c'
ac_cv_prog_CPP='gcc -E'
ac_cv_prog_ac_ct_CC=gcc
ac_cv_prog_cc_c89=
ac_cv_prog_cc_g=yes
ac_cv_safe_to_define___extensions__=yes
ac_cv_target=arm-none-eabi

## ----------------- ##
## Output variables. ##
## ----------------- ##

CC='gcc'
CFLAGS='-Wall -g -O2'
CPP='gcc -E'
CPPFLAGS=''
DEFS='-DPACKAGE_NAME=\"\" -DPACKAGE_TARNAME=\"\" -DPACKAGE_VERSION=\"\" -DPACKAGE_STRING=\"\" -DPACKAGE_BUGREPORT=\"\" -DSTDC_HEADERS=1 -DHAVE_SYS_TYPES_H=1 -DHAVE_SYS_STAT_H=1 -DHAVE_STDLIB_H=1 -DHAVE_STRING_H=1 -DHAVE_MEMORY_H=1 -DHAVE_STRINGS_H=1 -DHAVE_INTTYPES_H=1 -DHAVE_STDINT_H=1 -DHAVE_UNISTD_H=1 -D__EXTENSIONS__=1 -D_ALL_SOURCE=1 -D_GNU_SOURCE=1 -D_POSIX_PTHREAD_SEMANTICS=1 -D_TANDEM_SOURCE=1 -DHAVE_LIBZ=1 -DSTDC_HEADERS=1 -DHAVE_FCNTL_H=1 -DHAVE_UNISTD_H=1 -DHAVE_BFD_H=1 -DHAVE_VPRINTF=1 -DHAVE_STRSIGNAL=1'
ECHO_C=''
ECHO_N='-n'
ECHO_T=''
EGREP='/bin/grep -E'
EXEEXT='.exe'
GREP='/bin/grep'
INSTALL_DATA='${INSTALL} -m 644'
INSTALL_PROGRAM='${INSTALL}'
INSTALL_SCRIPT='${INSTALL}'
LDFLAGS=''
LIBOBJS=''
LIBS='-lz c:/Users/Olivier/Downloads/binutils-2.21.tar/binutils-2.21/bfd/libbfd.a c:/Users/Olivier/Downloads/binutils-2.21.tar/binutils-2.21/libiberty/libiberty.a -lws2_32 -lz'
LTLIBOBJS=''
OBJEXT='o'
PACKAGE_BUGREPORT=''
PACKAGE_NAME=''
PACKAGE_STRING=''
PACKAGE_TARNAME=''
PACKAGE_VERSION=''
PATH_SEPARATOR=':'
SHELL='/bin/sh'
SYMBOL_PREFIX=''
ac_ct_CC='gcc'
always_reloc_text='1'
bfd_include_dir='-Ic:/Users/Olivier/Downloads/binutils-2.21.tar/binutils-2.21/bfd'
bindir='${exec_prefix}/bin'
binutils_include_dir='-Ic:/Users/Olivier/Downloads/binutils-2.21.tar/binutils-2.21/include'
binutils_ldscript_dir='${TOOLDIR}/../arm-none-eabi/lib'
build='i686-pc-mingw32'
build_alias=''
build_cpu='i686'
build_os='mingw32'
build_vendor='pc'
datadir='${datarootdir}'
datarootdir='${prefix}/share'
docdir='${datarootdir}/doc/${PACKAGE}'
dvidir='${docdir}'
emit_ctor_dtor='0'
emit_relocs='1'
exec_prefix='${prefix}'
got_check='1'
host='i686-pc-mingw32'
host_alias=''
host_cpu='i686'
host_os='mingw32'
host_vendor='pc'
htmldir='${docdir}'
includedir='${prefix}/include'
infodir='${datarootdir}/info'
libdir='${exec_prefix}/lib'
libexecdir='${exec_prefix}/libexec'
localedir='${datarootdir}/locale'
localstatedir='${prefix}/var'
mandir='${datarootdir}/man'
oldincludedir='/usr/include'
pdfdir='${docdir}'
prefix='C:/Users/Olivier/Documents/Developpement/TI/Nspire/nsptools/Ndless/trunk/Ndless-SDK/yagarto'
program_transform_name='s,x,x,'
psdir='${docdir}'
sbindir='${exec_prefix}/sbin'
sharedstatedir='${prefix}/com'
sysconfdir='${prefix}/etc'
target='arm-none-eabi'
target_alias='arm-none-eabi'
target_cpu='arm'
target_os='eabi'
target_vendor='none'
use_ld_elf2flt_binary='yes'
zlib_include_dir=''

## ----------- ##
## confdefs.h. ##
## ----------- ##

#define PACKAGE_NAME ""
#define PACKAGE_TARNAME ""
#define PACKAGE_VERSION ""
#define PACKAGE_STRING ""
#define PACKAGE_BUGREPORT ""
#define STDC_HEADERS 1
#define HAVE_SYS_TYPES_H 1
#define HAVE_SYS_STAT_H 1
#define HAVE_STDLIB_H 1
#define HAVE_STRING_H 1
#define HAVE_MEMORY_H 1
#define HAVE_STRINGS_H 1
#define HAVE_INTTYPES_H 1
#define HAVE_STDINT_H 1
#define HAVE_UNISTD_H 1
#define __EXTENSIONS__ 1
#define _ALL_SOURCE 1
#define _GNU_SOURCE 1
#define _POSIX_PTHREAD_SEMANTICS 1
#define _TANDEM_SOURCE 1
#define HAVE_LIBZ 1
#define STDC_HEADERS 1
#define HAVE_FCNTL_H 1
#define HAVE_UNISTD_H 1
#define HAVE_BFD_H 1
#define HAVE_VPRINTF 1
#define HAVE_STRSIGNAL 1

configure: exit 0

## ---------------------- ##
## Running config.status. ##
## ---------------------- ##

This file was extended by config.status, which was
generated by GNU Autoconf 2.63.  Invocation command line was

  CONFIG_FILES    = 
  CONFIG_HEADERS  = 
  CONFIG_LINKS    = 
  CONFIG_COMMANDS = 
  $ ./config.status ld-elf2flt.sh

on bibi

config.status:675: creating ld-elf2flt.sh
